<?xml version="1.0" encoding="UTF-8"?>
<testsuite name="MainKtTest" tests="1" skipped="0" failures="0" errors="0" timestamp="2022-09-25T16:06:08" hostname="ACER-ASPIRE-A31" time="0.017">
  <properties/>
  <testcase name="calculateFee_Default" classname="MainKtTest" time="0.017"/>
  <system-out><![CDATA[]]></system-out>
  <system-err><![CDATA[]]></system-err>
</testsuite>
